<?xml version="1.0" encoding="UTF-8"?>
<!-- Generated by org.testng.reporters.JUnitReportReporter -->
<testsuite hostname="Harishankar" failures="0" tests="1" name="tesrCases.TC_019_DataDrivenTestingFillSetUpCampaignPageIn_AutoAdManager" time="10.720" errors="0" timestamp="2024-09-28T00:37:13 IST" skipped="0">
  <testcase classname="tesrCases.TC_019_DataDrivenTestingFillSetUpCampaignPageIn_AutoAdManager" name="DataDrivenTestingFillSetUpCampaignPageIn_AutoAdManager" time="10.720"/>
</testsuite> <!-- tesrCases.TC_019_DataDrivenTestingFillSetUpCampaignPageIn_AutoAdManager -->
