<?xml version="1.0" encoding="UTF-8"?>
<!-- Generated by org.testng.reporters.JUnitReportReporter -->
<testsuite hostname="Harishankar" failures="0" tests="1" name="tesrCases.TC_005_DataDrivenTestingCampaignOverviewDetailsPageInTextToImageGeneration" time="4.718" errors="0" timestamp="2024-10-08T12:43:28 IST" skipped="0">
  <testcase classname="tesrCases.TC_005_DataDrivenTestingCampaignOverviewDetailsPageInTextToImageGeneration" name="DataDrivenTestingCampaignOverviewDetailsPageInTextToImageGeneration" time="4.718"/>
  <system-out/>
</testsuite> <!-- tesrCases.TC_005_DataDrivenTestingCampaignOverviewDetailsPageInTextToImageGeneration -->
