<?xml version="1.0" encoding="UTF-8"?>
<!-- Generated by org.testng.reporters.JUnitReportReporter -->
<testsuite hostname="Harishankar" failures="0" tests="1" name="tesrCases.TC_003_DataDrivenTestingFillProductDetailsPageInTextToImageGeneration" time="9.726" errors="0" timestamp="2024-10-08T12:43:28 IST" skipped="0">
  <testcase classname="tesrCases.TC_003_DataDrivenTestingFillProductDetailsPageInTextToImageGeneration" name="DataDrivenTestingFillProductDetailsPageInTextToImageGeneration" time="9.726"/>
  <system-out/>
</testsuite> <!-- tesrCases.TC_003_DataDrivenTestingFillProductDetailsPageInTextToImageGeneration -->
