<?xml version="1.0" encoding="UTF-8"?>
<!-- Generated by org.testng.reporters.JUnitReportReporter -->
<testsuite hostname="Harishankar" failures="0" tests="7" name="tesrCases.Gen" time="182.053" errors="0" timestamp="2024-09-14T08:25:45 IST" skipped="0">
  <testcase classname="tesrCases.Gen" name="ImageGanerationtext" time="142.328"/>
  <testcase classname="tesrCases.Gen" name="setup" time="0.030"/>
  <testcase classname="tesrCases.Gen" name="testRevealPromptButtonFunctionality" time="0.548"/>
  <testcase classname="tesrCases.Gen" name="verifyImageRegeneration" time="30.126"/>
  <testcase classname="tesrCases.Gen" name="saveGeneratedImageFunctionalityTest" time="8.391"/>
  <testcase classname="tesrCases.Gen" name="LikeGeneratedImageFunctionalityTest" time="0.329"/>
  <testcase classname="tesrCases.Gen" name="DisLikeGeneratedImageFunctionalityTest" time="0.301"/>
</testsuite> <!-- tesrCases.Gen -->
