<?xml version="1.0" encoding="UTF-8"?>
<!-- Generated by org.testng.reporters.JUnitReportReporter -->
<testsuite hostname="Harishankar" failures="0" tests="1" name="tesrCases.TC_018_DataDrivenTestingFillBrandingDetailsPageIn_AutoAdManager" time="11.412" errors="0" timestamp="2024-09-28T00:37:13 IST" skipped="0">
  <testcase classname="tesrCases.TC_018_DataDrivenTestingFillBrandingDetailsPageIn_AutoAdManager" name="DataDrivenTestingFillBrandingDetailsPageIn_AutoAdManager" time="11.412"/>
</testsuite> <!-- tesrCases.TC_018_DataDrivenTestingFillBrandingDetailsPageIn_AutoAdManager -->
