<?xml version="1.0" encoding="UTF-8"?>
<!-- Generated by org.testng.reporters.JUnitReportReporter -->
<testsuite hostname="Harishankar" failures="0" tests="1" name="tesrCases.TC_009_DataDrivenTesting_Text_to_ImageGeneration" time="72.365" errors="0" timestamp="2024-10-16T09:24:20 IST" skipped="0">
  <testcase classname="tesrCases.TC_009_DataDrivenTesting_Text_to_ImageGeneration" name="ImageGanerationtext" time="72.365"/>
  <system-out/>
</testsuite> <!-- tesrCases.TC_009_DataDrivenTesting_Text_to_ImageGeneration -->
