<?xml version="1.0" encoding="UTF-8"?>
<!-- Generated by org.testng.reporters.JUnitReportReporter -->
<testsuite hostname="Harishankar" failures="0" tests="1" name="tesrCases.TC_006_DataDrivenTestingMediaChannelsSelectionPageInTextToImageGeneration" time="0.000" errors="0" timestamp="2024-10-09T17:24:37 IST" skipped="1">
  <testcase classname="tesrCases.TC_006_DataDrivenTestingMediaChannelsSelectionPageInTextToImageGeneration" name="DataDrivenTestingMediaChannelsSelectionPageInTextToImageGeneration" time="0.000">
    <skipped/>
  </testcase> <!-- DataDrivenTestingMediaChannelsSelectionPageInTextToImageGeneration -->
  <system-out/>
</testsuite> <!-- tesrCases.TC_006_DataDrivenTestingMediaChannelsSelectionPageInTextToImageGeneration -->
