<?xml version="1.0" encoding="UTF-8"?>
<!-- Generated by org.testng.reporters.JUnitReportReporter -->
<testsuite hostname="Harishankar" failures="0" tests="1" name="tesrCases.TC_002_DataDrivenTesting_Image_to_ImageGeneration" time="40.731" errors="0" timestamp="2024-11-19T11:41:05 IST" skipped="0">
  <testcase classname="tesrCases.TC_002_DataDrivenTesting_Image_to_ImageGeneration" name="ImageGenerationTestImageToImage" time="40.731"/>
  <system-out/>
</testsuite> <!-- tesrCases.TC_002_DataDrivenTesting_Image_to_ImageGeneration -->
