<?xml version="1.0" encoding="UTF-8"?>
<!-- Generated by org.testng.reporters.JUnitReportReporter -->
<testsuite hostname="Harishankar" failures="0" tests="1" name="tesrCases.TC_007_DataDrivenTestingCreativeDesignSelectionPageInTextToImageGeneration" time="44.301" errors="0" timestamp="2024-10-10T22:10:18 IST" skipped="0">
  <testcase classname="tesrCases.TC_007_DataDrivenTestingCreativeDesignSelectionPageInTextToImageGeneration" name="DataDrivenTestingCreativeDesignSelectionPageInTextToImageGeneration" time="44.301"/>
  <system-out/>
</testsuite> <!-- tesrCases.TC_007_DataDrivenTestingCreativeDesignSelectionPageInTextToImageGeneration -->
