<?xml version="1.0" encoding="UTF-8"?>
<!-- Generated by org.testng.reporters.JUnitReportReporter -->
<testsuite hostname="Harishankar" failures="0" tests="1" name="tesrCases.TC_011_DataDrivenTesting_Image_to_VideoGeneration" time="31.337" errors="0" timestamp="2024-11-19T11:41:05 IST" skipped="0">
  <testcase classname="tesrCases.TC_011_DataDrivenTesting_Image_to_VideoGeneration" name="ImageGenerationTestImageToVideo" time="31.337"/>
  <system-out/>
</testsuite> <!-- tesrCases.TC_011_DataDrivenTesting_Image_to_VideoGeneration -->
