<?xml version="1.0" encoding="UTF-8"?>
<!-- Generated by org.testng.reporters.JUnitReportReporter -->
<testsuite hostname="Harishankar" failures="0" tests="1" name="TestBase.TC001_GenerateTextToImageIsGenerated" time="0.936" errors="0" timestamp="2024-08-28T15:51:06 IST" skipped="0">
  <testcase classname="TestBase.TC001_GenerateTextToImageIsGenerated" name="login" time="0.936"/>
</testsuite> <!-- TestBase.TC001_GenerateTextToImageIsGenerated -->
