<?xml version="1.0" encoding="UTF-8"?>
<!-- Generated by org.testng.reporters.JUnitReportReporter -->
<testsuite hostname="Harishankar" failures="0" tests="1" name="tesrCases.TC_003_DataDrivenTesting_AutoAdManager" time="21.921" errors="0" timestamp="2024-09-23T17:26:01 IST" skipped="0">
  <testcase classname="tesrCases.TC_003_DataDrivenTesting_AutoAdManager" name="AutoAdManager" time="21.921"/>
</testsuite> <!-- tesrCases.TC_003_DataDrivenTesting_AutoAdManager -->
