<?xml version="1.0" encoding="UTF-8"?>
<!-- Generated by org.testng.reporters.JUnitReportReporter -->
<testsuite hostname="Harishankar" failures="0" tests="1" name="tesrCases.TC_006_DataDrivenTestingMediaChannelsSelectionPageInTextToImageGeneration" time="2.488" errors="0" timestamp="2024-10-10T22:10:18 IST" skipped="0">
  <testcase classname="tesrCases.TC_006_DataDrivenTestingMediaChannelsSelectionPageInTextToImageGeneration" name="DataDrivenTestingMediaChannelsSelectionPageInTextToImageGeneration" time="2.488"/>
  <system-out/>
</testsuite> <!-- tesrCases.TC_006_DataDrivenTestingMediaChannelsSelectionPageInTextToImageGeneration -->
