<?xml version="1.0" encoding="UTF-8"?>
<!-- Generated by org.testng.reporters.JUnitReportReporter -->
<testsuite hostname="Harishankar" failures="0" tests="1" name="tesrCases.TC_10_DataDrivenTesting_ProductNameTextFieldPageInImageToImageGeneration" time="3.907" errors="0" timestamp="2024-10-15T17:13:08 IST" skipped="0">
  <testcase classname="tesrCases.TC_10_DataDrivenTesting_ProductNameTextFieldPageInImageToImageGeneration" name="DataDrivenTesting_ProductNameTextFieldPageInImageToImageGeneration" time="3.907"/>
  <system-out/>
</testsuite> <!-- tesrCases.TC_10_DataDrivenTesting_ProductNameTextFieldPageInImageToImageGeneration -->
