<?xml version="1.0" encoding="UTF-8"?>
<!-- Generated by org.testng.reporters.JUnitReportReporter -->
<testsuite hostname="Harishankar" failures="0" tests="1" name="tesrCases.TC_001_DataDrivenTesting_Text_to_ImageGeneration" time="89.776" errors="0" timestamp="2024-11-03T15:17:16 IST" skipped="0">
  <testcase classname="tesrCases.TC_001_DataDrivenTesting_Text_to_ImageGeneration" name="ImageGenerationTest" time="89.776"/>
  <system-out/>
</testsuite> <!-- tesrCases.TC_001_DataDrivenTesting_Text_to_ImageGeneration -->
