<?xml version="1.0" encoding="UTF-8"?>
<!-- Generated by org.testng.reporters.JUnitReportReporter -->
<testsuite hostname="Harishankar" failures="0" tests="1" name="tesrCases.TC_003_DataDrivenTestingFillBrandingDetailsPageIn_AutoAdManager" time="14.637" errors="0" timestamp="2024-09-23T20:12:13 IST" skipped="0">
  <testcase classname="tesrCases.TC_003_DataDrivenTestingFillBrandingDetailsPageIn_AutoAdManager" name="AutoAdManager" time="14.637"/>
</testsuite> <!-- tesrCases.TC_003_DataDrivenTestingFillBrandingDetailsPageIn_AutoAdManager -->
