<?xml version="1.0" encoding="UTF-8"?>
<!-- Generated by org.testng.reporters.JUnitReportReporter -->
<testsuite hostname="Harishankar" failures="0" tests="1" name="tesrCases.TC_11_DataDrivenTesting_ProductImagePageInImageToImageGeneration" time="4.881" errors="0" timestamp="2024-10-08T16:35:17 IST" skipped="0">
  <testcase classname="tesrCases.TC_11_DataDrivenTesting_ProductImagePageInImageToImageGeneration" name="DataDrivenTesting_ProductImagePageInImageToImageGeneration" time="4.881"/>
  <system-out/>
</testsuite> <!-- tesrCases.TC_11_DataDrivenTesting_ProductImagePageInImageToImageGeneration -->
