<?xml version="1.0" encoding="UTF-8"?>
<!-- Generated by org.testng.reporters.JUnitReportReporter -->
<testsuite hostname="Harishankar" failures="0" tests="5" name="tesrCases.TC_008_PostImageGenerationTest" time="0.000" errors="0" timestamp="2024-10-09T17:24:37 IST" skipped="5">
  <testcase classname="tesrCases.TC_008_PostImageGenerationTest" name="likeGeneratedImageFunctionalityTest" time="0.000">
    <skipped/>
  </testcase> <!-- likeGeneratedImageFunctionalityTest -->
  <system-out/>
  <testcase classname="tesrCases.TC_008_PostImageGenerationTest" name="dislikeGeneratedImageFunctionalityTest" time="0.000">
    <skipped/>
  </testcase> <!-- dislikeGeneratedImageFunctionalityTest -->
  <system-out/>
  <testcase classname="tesrCases.TC_008_PostImageGenerationTest" name="saveGeneratedImageFunctionalityTest" time="0.000">
    <skipped/>
  </testcase> <!-- saveGeneratedImageFunctionalityTest -->
  <system-out/>
  <testcase classname="tesrCases.TC_008_PostImageGenerationTest" name="verifyImageRegeneration" time="0.000">
    <skipped/>
  </testcase> <!-- verifyImageRegeneration -->
  <system-out/>
  <testcase classname="tesrCases.TC_008_PostImageGenerationTest" name="testRevealPromptButtonFunctionality" time="0.000">
    <skipped/>
  </testcase> <!-- testRevealPromptButtonFunctionality -->
  <system-out/>
</testsuite> <!-- tesrCases.TC_008_PostImageGenerationTest -->
