<?xml version="1.0" encoding="UTF-8"?>
<!-- Generated by org.testng.reporters.JUnitReportReporter -->
<testsuite hostname="Harishankar" failures="0" tests="7" name="tesrCases.TC_01_NavigatingFitPeoHomepage" time="56.108" errors="0" timestamp="2024-11-27T21:30:06 IST" skipped="0">
  <testcase classname="tesrCases.TC_01_NavigatingFitPeoHomepage" name="TC_01_NavigatingFitPeoHomepageTest" time="0.212"/>
  <system-out/>
  <testcase classname="tesrCases.TC_01_NavigatingFitPeoHomepage" name="TC_02_NavigateToRevenueCalculatorPageTest" time="3.087"/>
  <system-out/>
  <testcase classname="tesrCases.TC_01_NavigatingFitPeoHomepage" name="TC_03_ScrollDownToSliderUntilVisibleTest" time="0.088"/>
  <system-out/>
  <testcase classname="tesrCases.TC_01_NavigatingFitPeoHomepage" name="TC_04_AdjustTheSliderFunctionalityTest" time="51.280"/>
  <system-out/>
  <testcase classname="tesrCases.TC_01_NavigatingFitPeoHomepage" name="TC_05_UpdateTheTextFieldFunctionalityTest" time="0.232"/>
  <system-out/>
  <testcase classname="tesrCases.TC_01_NavigatingFitPeoHomepage" name="TC_06_SelectCPTCodesFunctionalityTest" time="1.164"/>
  <system-out/>
  <testcase classname="tesrCases.TC_01_NavigatingFitPeoHomepage" name="TC_07_ValidateTotalRecurringReimbursementTest" time="0.045"/>
  <system-out/>
</testsuite> <!-- tesrCases.TC_01_NavigatingFitPeoHomepage -->
