<?xml version="1.0" encoding="UTF-8"?>
<!-- Generated by org.testng.reporters.JUnitReportReporter -->
<testsuite hostname="Harishankar" failures="0" tests="1" name="tesrCases.TC_010_DataDrivenTesting_Text_to_VideoGeneration" time="0.000" errors="0" timestamp="2024-10-18T21:09:31 IST" skipped="1">
  <testcase classname="tesrCases.TC_010_DataDrivenTesting_Text_to_VideoGeneration" name="TextToVideoGeneration" time="0.000">
    <skipped/>
  </testcase> <!-- TextToVideoGeneration -->
  <system-out/>
</testsuite> <!-- tesrCases.TC_010_DataDrivenTesting_Text_to_VideoGeneration -->
