<?xml version="1.0" encoding="UTF-8"?>
<!-- Generated by org.testng.reporters.JUnitReportReporter -->
<testsuite hostname="Harishankar" failures="0" tests="1" name="tesrCases.TC001_LogInPage" time="10.576" errors="0" timestamp="2024-09-04T18:36:38 IST" skipped="0">
  <testcase classname="tesrCases.TC001_LogInPage" name="validLoginTest" time="10.576"/>
</testsuite> <!-- tesrCases.TC001_LogInPage -->
