<?xml version="1.0" encoding="UTF-8"?>
<!-- Generated by org.testng.reporters.JUnitReportReporter -->
<testsuite hostname="Harishankar" failures="0" tests="1" name="TestBase.BaseClass" time="9.770" errors="0" timestamp="2024-08-29T00:12:26 IST" skipped="0">
  <testcase classname="TestBase.BaseClass" name="logintotheapp" time="9.770"/>
</testsuite> <!-- TestBase.BaseClass -->
