<?xml version="1.0" encoding="UTF-8"?>
<!-- Generated by org.testng.reporters.JUnitReportReporter -->
<testsuite hostname="Harishankar" failures="0" tests="1" name="tesrCases.TC_010_DataDrivenTesting_Text_to_VideoGeneration" time="274.489" errors="0" timestamp="2024-11-13T19:22:43 IST" skipped="0">
  <testcase classname="tesrCases.TC_010_DataDrivenTesting_Text_to_VideoGeneration" name="TextToVideoGeneration" time="274.489"/>
  <system-out/>
</testsuite> <!-- tesrCases.TC_010_DataDrivenTesting_Text_to_VideoGeneration -->
