<?xml version="1.0" encoding="UTF-8"?>
<!-- Generated by org.testng.reporters.JUnitReportReporter -->
<testsuite hostname="Harishankar" failures="0" tests="1" name="tesrCases.TC_002_DataDrivenTesting_Image_to_ImageGeneration" time="17.674" errors="0" timestamp="2024-11-13T19:22:43 IST" skipped="0">
  <testcase classname="tesrCases.TC_002_DataDrivenTesting_Image_to_ImageGeneration" name="ImageGenerationTestImageToImage" time="17.674"/>
  <system-out/>
</testsuite> <!-- tesrCases.TC_002_DataDrivenTesting_Image_to_ImageGeneration -->
