<?xml version="1.0" encoding="UTF-8"?>
<!-- Generated by org.testng.reporters.JUnitReportReporter -->
<testsuite hostname="Harishankar" failures="0" tests="1" name="tesrCases.TC_001_DataDrivenTestingFillBrandingDetailsPageInTextToImageGeneration" time="13.328" errors="0" timestamp="2024-10-08T15:32:23 IST" skipped="0">
  <testcase classname="tesrCases.TC_001_DataDrivenTestingFillBrandingDetailsPageInTextToImageGeneration" name="DataDrivenTestingFillBrandingDetailsPageInTextToImageGeneration" time="13.328"/>
  <system-out/>
</testsuite> <!-- tesrCases.TC_001_DataDrivenTestingFillBrandingDetailsPageInTextToImageGeneration -->
