<?xml version="1.0" encoding="UTF-8"?>
<!-- Generated by org.testng.reporters.JUnitReportReporter -->
<testsuite hostname="Harishankar" failures="0" tests="1" name="tesrCases.TC_001_DataDrivenTesting_Text_to_ImageGeneration" time="167.043" errors="0" timestamp="2024-09-16T11:09:15 IST" skipped="0">
  <testcase classname="tesrCases.TC_001_DataDrivenTesting_Text_to_ImageGeneration" name="ImageGanerationtext" time="167.043"/>
</testsuite> <!-- tesrCases.TC_001_DataDrivenTesting_Text_to_ImageGeneration -->
